<?xml version="1.0" encoding="UTF-8"?>
<!-- Generated by org.testng.reporters.JUnitXMLReporter -->
<testsuite ignored="0" hostname="LAPTOP-39NIES78" failures="2" tests="5" name="Chaining" time="1.644" errors="0" timestamp="2025-02-09T20:24:22 EST">
  <testcase classname="io.cucumber.testng.AbstractTestNGCucumberTests" name="runScenario" time="0.294"/>
  <testcase classname="io.cucumber.testng.AbstractTestNGCucumberTests" name="runScenario" time="0.409"/>
  <testcase classname="io.cucumber.testng.AbstractTestNGCucumberTests" name="runScenario" time="0.381"/>
  <testcase classname="io.cucumber.testng.AbstractTestNGCucumberTests" name="runScenario" time="0.066">
    <failure type="io.cucumber.core.exception.CucumberException" message="Step [User Creates a GET request  with a valid User First Name] is defined with 1 parameters at &amp;apos;stepdefinitions.GetRequestwithAuth.user_creates_a_get_request_with_a_valid_user_first_name_as(java.lang.String)&amp;apos;.
However, the gherkin step has 0 arguments.
Step text: User Creates a GET request  with a valid User First Name">
      <![CDATA[io.cucumber.core.exception.CucumberException: Step [User Creates a GET request  with a valid User First Name] is defined with 1 parameters at 'stepdefinitions.GetRequestwithAuth.user_creates_a_get_request_with_a_valid_user_first_name_as(java.lang.String)'.
However, the gherkin step has 0 arguments.
Step text: User Creates a GET request  with a valid User First Name
at io.cucumber.core.runner.PickleStepDefinitionMatch.arityMismatch(PickleStepDefinitionMatch.java:82)
at io.cucumber.core.runner.PickleStepDefinitionMatch.runStep(PickleStepDefinitionMatch.java:41)
at io.cucumber.core.runner.ExecutionMode$1.execute(ExecutionMode.java:10)
at io.cucumber.core.runner.TestStep.executeStep(TestStep.java:81)
at io.cucumber.core.runner.TestStep.run(TestStep.java:53)
at io.cucumber.core.runner.PickleStepTestStep.run(PickleStepTestStep.java:51)
at io.cucumber.core.runner.TestCase.run(TestCase.java:84)
at io.cucumber.core.runner.Runner.runPickle(Runner.java:75)
at io.cucumber.testng.TestNGCucumberRunner.lambda$runScenario$1(TestNGCucumberRunner.java:135)
at io.cucumber.core.runtime.CucumberExecutionContext.lambda$runTestCase$5(CucumberExecutionContext.java:136)
at io.cucumber.core.runtime.RethrowingThrowableCollector.executeAndThrow(RethrowingThrowableCollector.java:23)
at io.cucumber.core.runtime.CucumberExecutionContext.runTestCase(CucumberExecutionContext.java:136)
at io.cucumber.testng.TestNGCucumberRunner.runScenario(TestNGCucumberRunner.java:132)
at io.cucumber.testng.AbstractTestNGCucumberTests.runScenario(AbstractTestNGCucumberTests.java:35)
at java.base/java.util.ArrayList.forEach(ArrayList.java:1511)
... Removed 25 stack frames]]>
    </failure>
  </testcase> <!-- runScenario -->
  <testcase classname="io.cucumber.testng.AbstractTestNGCucumberTests" name="runScenario" time="0.343">
    <failure type="java.lang.AssertionError" message="expected [200] but found [400]">
      <![CDATA[java.lang.AssertionError: expected [200] but found [400]
at stepdefinitions.PutRequestStep.the_response_status_code_should_be_and_the_response_body_should_have_auto_generated_user_id_address_id_creation_time_and_last_mod_time_field(PutRequestStep.java:83)
at âœ½.The response status code should be 200 and the response body should have auto-generated user id, address id , creation_time and last_mod_time field.(file:///C:/Users/SMILE/selenium_course/RestAssuredAutomation/src/test/resources/features/putRequest.feature:11)
... Removed 6 stack frames]]>
    </failure>
  </testcase> <!-- runScenario -->
</testsuite> <!-- Chaining -->
