<?xml version="1.0" encoding="UTF-8"?>
<!-- Generated by org.testng.reporters.JUnitXMLReporter -->
<testsuite ignored="0" hostname="LAPTOP-39NIES78" failures="7" tests="46" name="InvalidTest" time="12.036" errors="0" timestamp="2025-02-09T22:04:31 EST">
  <testcase classname="io.cucumber.testng.AbstractTestNGCucumberTests" name="runScenario" time="0.272"/>
  <testcase classname="io.cucumber.testng.AbstractTestNGCucumberTests" name="runScenario" time="0.261"/>
  <testcase classname="io.cucumber.testng.AbstractTestNGCucumberTests" name="runScenario" time="0.27"/>
  <testcase classname="io.cucumber.testng.AbstractTestNGCucumberTests" name="runScenario" time="0.268"/>
  <testcase classname="io.cucumber.testng.AbstractTestNGCucumberTests" name="runScenario" time="0.257"/>
  <testcase classname="io.cucumber.testng.AbstractTestNGCucumberTests" name="runScenario" time="0.261"/>
  <testcase classname="io.cucumber.testng.AbstractTestNGCucumberTests" name="runScenario" time="0.263"/>
  <testcase classname="io.cucumber.testng.AbstractTestNGCucumberTests" name="runScenario" time="0.27"/>
  <testcase classname="io.cucumber.testng.AbstractTestNGCucumberTests" name="runScenario" time="0.283"/>
  <testcase classname="io.cucumber.testng.AbstractTestNGCucumberTests" name="runScenario" time="0.255"/>
  <testcase classname="io.cucumber.testng.AbstractTestNGCucumberTests" name="runScenario" time="0.25"/>
  <testcase classname="io.cucumber.testng.AbstractTestNGCucumberTests" name="runScenario" time="0.265">
    <failure type="java.lang.AssertionError" message="expected [500] but found [201]">
      <![CDATA[java.lang.AssertionError: expected [500] but found [201]
at stepdefinitions.PostRequestStep.the_response_status_code_should_be_a_response_body_should_have_auto_generated_user_id_address_id_creation_time_and_last_mod_time_field(PostRequestStep.java:111)
at ✽.The response status code should be 201. A response body should have auto-generated user id, address id , creation_time and last_mod_time field.(file:///C:/Users/SMILE/selenium_course/RestAssuredAutomation/src/test/resources/features/postRequest.feature:31)
... Removed 6 stack frames]]>
    </failure>
  </testcase> <!-- runScenario -->
  <testcase classname="io.cucumber.testng.AbstractTestNGCucumberTests" name="runScenario" time="0.254">
    <failure type="java.lang.AssertionError" message="expected [500] but found [201]">
      <![CDATA[java.lang.AssertionError: expected [500] but found [201]
at stepdefinitions.PostRequestStep.the_response_status_code_should_be_a_response_body_should_have_auto_generated_user_id_address_id_creation_time_and_last_mod_time_field(PostRequestStep.java:111)
at ✽.The response status code should be 201. A response body should have auto-generated user id, address id , creation_time and last_mod_time field.(file:///C:/Users/SMILE/selenium_course/RestAssuredAutomation/src/test/resources/features/postRequest.feature:31)
... Removed 6 stack frames]]>
    </failure>
  </testcase> <!-- runScenario -->
  <testcase classname="io.cucumber.testng.AbstractTestNGCucumberTests" name="runScenario" time="0.264"/>
  <testcase classname="io.cucumber.testng.AbstractTestNGCucumberTests" name="runScenario" time="0.227"/>
  <testcase classname="io.cucumber.testng.AbstractTestNGCucumberTests" name="runScenario" time="0.263">
    <failure type="java.lang.AssertionError" message="expected [500] but found [400]">
      <![CDATA[java.lang.AssertionError: expected [500] but found [400]
at stepdefinitions.PostRequestStep.the_response_status_code_should_be_not_found(PostRequestStep.java:65)
at ✽.The response status code should be 400(file:///C:/Users/SMILE/selenium_course/RestAssuredAutomation/src/test/resources/features/postRequest.feature:51)
... Removed 6 stack frames]]>
    </failure>
  </testcase> <!-- runScenario -->
  <testcase classname="io.cucumber.testng.AbstractTestNGCucumberTests" name="runScenario" time="0.259">
    <failure type="java.lang.AssertionError" message="expected [500] but found [400]">
      <![CDATA[java.lang.AssertionError: expected [500] but found [400]
at stepdefinitions.PostRequestStep.the_response_status_code_should_be_not_found(PostRequestStep.java:65)
at ✽.The response status code should be 400(file:///C:/Users/SMILE/selenium_course/RestAssuredAutomation/src/test/resources/features/postRequest.feature:51)
... Removed 6 stack frames]]>
    </failure>
  </testcase> <!-- runScenario -->
  <testcase classname="io.cucumber.testng.AbstractTestNGCucumberTests" name="runScenario" time="0.253"/>
  <testcase classname="io.cucumber.testng.AbstractTestNGCucumberTests" name="runScenario" time="0.258"/>
  <testcase classname="io.cucumber.testng.AbstractTestNGCucumberTests" name="runScenario" time="0.251">
    <failure type="java.lang.AssertionError" message="expected [500] but found [400]">
      <![CDATA[java.lang.AssertionError: expected [500] but found [400]
at stepdefinitions.PostRequestStep.the_response_status_code_should_be_not_found(PostRequestStep.java:65)
at ✽.The response status code should be 400(file:///C:/Users/SMILE/selenium_course/RestAssuredAutomation/src/test/resources/features/postRequest.feature:71)
... Removed 6 stack frames]]>
    </failure>
  </testcase> <!-- runScenario -->
  <testcase classname="io.cucumber.testng.AbstractTestNGCucumberTests" name="runScenario" time="0.254">
    <failure type="java.lang.AssertionError" message="expected [500] but found [400]">
      <![CDATA[java.lang.AssertionError: expected [500] but found [400]
at stepdefinitions.PostRequestStep.the_response_status_code_should_be_not_found(PostRequestStep.java:65)
at ✽.The response status code should be 400(file:///C:/Users/SMILE/selenium_course/RestAssuredAutomation/src/test/resources/features/postRequest.feature:71)
... Removed 6 stack frames]]>
    </failure>
  </testcase> <!-- runScenario -->
  <testcase classname="io.cucumber.testng.AbstractTestNGCucumberTests" name="runScenario" time="0.252">
    <failure type="java.lang.AssertionError" message="expected [500] but found [400]">
      <![CDATA[java.lang.AssertionError: expected [500] but found [400]
at stepdefinitions.PostRequestStep.the_response_status_code_should_be_not_found(PostRequestStep.java:65)
at ✽.The response status code should be 400(file:///C:/Users/SMILE/selenium_course/RestAssuredAutomation/src/test/resources/features/postRequest.feature:81)
... Removed 6 stack frames]]>
    </failure>
  </testcase> <!-- runScenario -->
  <testcase classname="io.cucumber.testng.AbstractTestNGCucumberTests" name="runScenario" time="0.266"/>
  <testcase classname="io.cucumber.testng.AbstractTestNGCucumberTests" name="runScenario" time="0.229"/>
  <testcase classname="io.cucumber.testng.AbstractTestNGCucumberTests" name="runScenario" time="0.308"/>
  <testcase classname="io.cucumber.testng.AbstractTestNGCucumberTests" name="runScenario" time="0.274"/>
  <testcase classname="io.cucumber.testng.AbstractTestNGCucumberTests" name="runScenario" time="0.253"/>
  <testcase classname="io.cucumber.testng.AbstractTestNGCucumberTests" name="runScenario" time="0.252"/>
  <testcase classname="io.cucumber.testng.AbstractTestNGCucumberTests" name="runScenario" time="0.252"/>
  <testcase classname="io.cucumber.testng.AbstractTestNGCucumberTests" name="runScenario" time="0.289"/>
  <testcase classname="io.cucumber.testng.AbstractTestNGCucumberTests" name="runScenario" time="0.273"/>
  <testcase classname="io.cucumber.testng.AbstractTestNGCucumberTests" name="runScenario" time="0.252"/>
  <testcase classname="io.cucumber.testng.AbstractTestNGCucumberTests" name="runScenario" time="0.272"/>
  <testcase classname="io.cucumber.testng.AbstractTestNGCucumberTests" name="runScenario" time="0.235"/>
  <testcase classname="io.cucumber.testng.AbstractTestNGCucumberTests" name="runScenario" time="0.251"/>
  <testcase classname="io.cucumber.testng.AbstractTestNGCucumberTests" name="runScenario" time="0.249"/>
  <testcase classname="io.cucumber.testng.AbstractTestNGCucumberTests" name="runScenario" time="0.253"/>
  <testcase classname="io.cucumber.testng.AbstractTestNGCucumberTests" name="runScenario" time="0.27"/>
  <testcase classname="io.cucumber.testng.AbstractTestNGCucumberTests" name="runScenario" time="0.26"/>
  <testcase classname="io.cucumber.testng.AbstractTestNGCucumberTests" name="runScenario" time="0.255"/>
  <testcase classname="io.cucumber.testng.AbstractTestNGCucumberTests" name="runScenario" time="0.263"/>
  <testcase classname="io.cucumber.testng.AbstractTestNGCucumberTests" name="runScenario" time="0.228"/>
  <testcase classname="io.cucumber.testng.AbstractTestNGCucumberTests" name="runScenario" time="0.251"/>
  <testcase classname="io.cucumber.testng.AbstractTestNGCucumberTests" name="runScenario" time="0.247"/>
  <testcase classname="io.cucumber.testng.AbstractTestNGCucumberTests" name="runScenario" time="0.272"/>
  <testcase classname="io.cucumber.testng.AbstractTestNGCucumberTests" name="runScenario" time="0.254"/>
</testsuite> <!-- InvalidTest -->
