<?xml version="1.0" encoding="UTF-8"?>
<!-- Generated by org.testng.reporters.JUnitXMLReporter -->
<testsuite ignored="0" hostname="LAPTOP-39NIES78" failures="27" tests="41" name="InvalidScenarioTest" time="10.646" errors="0" timestamp="2025-02-09T18:58:44 EST">
  <testcase classname="io.cucumber.testng.AbstractTestNGCucumberTests" name="runScenario" time="0.329"/>
  <testcase classname="io.cucumber.testng.AbstractTestNGCucumberTests" name="runScenario" time="0.31"/>
  <testcase classname="io.cucumber.testng.AbstractTestNGCucumberTests" name="runScenario" time="0.312"/>
  <testcase classname="io.cucumber.testng.AbstractTestNGCucumberTests" name="runScenario" time="0.301"/>
  <testcase classname="io.cucumber.testng.AbstractTestNGCucumberTests" name="runScenario" time="0.273">
    <failure type="java.lang.AssertionError" message="expected [500] but found [201]">
      <![CDATA[java.lang.AssertionError: expected [500] but found [201]
at stepdefinitions.PostRequestStep.the_response_status_code_should_be_a_response_body_should_have_auto_generated_user_id_address_id_creation_time_and_last_mod_time_field(PostRequestStep.java:111)
at ✽.The response status code should be 201. A response body should have auto-generated user id, address id , creation_time and last_mod_time field.(file:///C:/Users/SMILE/selenium_course/RestAssuredAutomation/src/test/resources/features/postRequest.feature:31)
... Removed 6 stack frames]]>
    </failure>
  </testcase> <!-- runScenario -->
  <testcase classname="io.cucumber.testng.AbstractTestNGCucumberTests" name="runScenario" time="0.286">
    <failure type="java.lang.AssertionError" message="expected [409] but found [201]">
      <![CDATA[java.lang.AssertionError: expected [409] but found [201]
at stepdefinitions.PostRequestStep.the_response_status_code_should_be_a_response_body_should_have_auto_generated_user_id_address_id_creation_time_and_last_mod_time_field(PostRequestStep.java:111)
at ✽.The response status code should be 201. A response body should have auto-generated user id, address id , creation_time and last_mod_time field.(file:///C:/Users/SMILE/selenium_course/RestAssuredAutomation/src/test/resources/features/postRequest.feature:31)
... Removed 6 stack frames]]>
    </failure>
  </testcase> <!-- runScenario -->
  <testcase classname="io.cucumber.testng.AbstractTestNGCucumberTests" name="runScenario" time="0.267"/>
  <testcase classname="io.cucumber.testng.AbstractTestNGCucumberTests" name="runScenario" time="0.267">
    <failure type="java.lang.AssertionError" message="expected [409] but found [400]">
      <![CDATA[java.lang.AssertionError: expected [409] but found [400]
at stepdefinitions.PostRequestStep.the_response_status_code_should_be_not_found(PostRequestStep.java:65)
at ✽.The response status code should be 400(file:///C:/Users/SMILE/selenium_course/RestAssuredAutomation/src/test/resources/features/postRequest.feature:41)
... Removed 6 stack frames]]>
    </failure>
  </testcase> <!-- runScenario -->
  <testcase classname="io.cucumber.testng.AbstractTestNGCucumberTests" name="runScenario" time="0.276">
    <failure type="java.lang.AssertionError" message="expected [500] but found [400]">
      <![CDATA[java.lang.AssertionError: expected [500] but found [400]
at stepdefinitions.PostRequestStep.the_response_status_code_should_be_not_found(PostRequestStep.java:65)
at ✽.The response status code should be 400(file:///C:/Users/SMILE/selenium_course/RestAssuredAutomation/src/test/resources/features/postRequest.feature:51)
... Removed 6 stack frames]]>
    </failure>
  </testcase> <!-- runScenario -->
  <testcase classname="io.cucumber.testng.AbstractTestNGCucumberTests" name="runScenario" time="0.255">
    <failure type="java.lang.AssertionError" message="expected [409] but found [400]">
      <![CDATA[java.lang.AssertionError: expected [409] but found [400]
at stepdefinitions.PostRequestStep.the_response_status_code_should_be_not_found(PostRequestStep.java:65)
at ✽.The response status code should be 400(file:///C:/Users/SMILE/selenium_course/RestAssuredAutomation/src/test/resources/features/postRequest.feature:51)
... Removed 6 stack frames]]>
    </failure>
  </testcase> <!-- runScenario -->
  <testcase classname="io.cucumber.testng.AbstractTestNGCucumberTests" name="runScenario" time="0.283"/>
  <testcase classname="io.cucumber.testng.AbstractTestNGCucumberTests" name="runScenario" time="0.264">
    <failure type="java.lang.AssertionError" message="expected [409] but found [400]">
      <![CDATA[java.lang.AssertionError: expected [409] but found [400]
at stepdefinitions.PostRequestStep.the_response_status_code_should_be_the_message_is(PostRequestStep.java:164)
at ✽.The response status code should be 400. The message is "user firstname is mandatory and should contains alphabets only"(file:///C:/Users/SMILE/selenium_course/RestAssuredAutomation/src/test/resources/features/postRequest.feature:61)
... Removed 6 stack frames]]>
    </failure>
  </testcase> <!-- runScenario -->
  <testcase classname="io.cucumber.testng.AbstractTestNGCucumberTests" name="runScenario" time="0.257">
    <failure type="java.lang.AssertionError" message="expected [500] but found [400]">
      <![CDATA[java.lang.AssertionError: expected [500] but found [400]
at stepdefinitions.PostRequestStep.the_response_status_code_should_be_not_found(PostRequestStep.java:65)
at ✽.The response status code should be 400(file:///C:/Users/SMILE/selenium_course/RestAssuredAutomation/src/test/resources/features/postRequest.feature:71)
... Removed 6 stack frames]]>
    </failure>
  </testcase> <!-- runScenario -->
  <testcase classname="io.cucumber.testng.AbstractTestNGCucumberTests" name="runScenario" time="0.266">
    <failure type="java.lang.AssertionError" message="expected [409] but found [400]">
      <![CDATA[java.lang.AssertionError: expected [409] but found [400]
at stepdefinitions.PostRequestStep.the_response_status_code_should_be_not_found(PostRequestStep.java:65)
at ✽.The response status code should be 400(file:///C:/Users/SMILE/selenium_course/RestAssuredAutomation/src/test/resources/features/postRequest.feature:71)
... Removed 6 stack frames]]>
    </failure>
  </testcase> <!-- runScenario -->
  <testcase classname="io.cucumber.testng.AbstractTestNGCucumberTests" name="runScenario" time="0.268">
    <failure type="java.lang.AssertionError" message="expected [500] but found [400]">
      <![CDATA[java.lang.AssertionError: expected [500] but found [400]
at stepdefinitions.PostRequestStep.the_response_status_code_should_be_not_found(PostRequestStep.java:65)
at ✽.The response status code should be 400(file:///C:/Users/SMILE/selenium_course/RestAssuredAutomation/src/test/resources/features/postRequest.feature:81)
... Removed 6 stack frames]]>
    </failure>
  </testcase> <!-- runScenario -->
  <testcase classname="io.cucumber.testng.AbstractTestNGCucumberTests" name="runScenario" time="0.259"/>
  <testcase classname="io.cucumber.testng.AbstractTestNGCucumberTests" name="runScenario" time="0.257"/>
  <testcase classname="io.cucumber.testng.AbstractTestNGCucumberTests" name="runScenario" time="0.808"/>
  <testcase classname="io.cucumber.testng.AbstractTestNGCucumberTests" name="runScenario" time="0.277"/>
  <testcase classname="io.cucumber.testng.AbstractTestNGCucumberTests" name="runScenario" time="0.307"/>
  <testcase classname="io.cucumber.testng.AbstractTestNGCucumberTests" name="runScenario" time="0.255"/>
  <testcase classname="io.cucumber.testng.AbstractTestNGCucumberTests" name="runScenario" time="0.287">
    <failure type="java.lang.AssertionError" message="expected [409] but found [400]">
      <![CDATA[java.lang.AssertionError: expected [409] but found [400]
at stepdefinitions.PostRequestStep.the_response_status_code_should_be_not_found(PostRequestStep.java:65)
at ✽.The response status code should be 400(file:///C:/Users/SMILE/selenium_course/RestAssuredAutomation/src/test/resources/features/postRequest.feature:137)
... Removed 6 stack frames]]>
    </failure>
  </testcase> <!-- runScenario -->
  <testcase classname="io.cucumber.testng.AbstractTestNGCucumberTests" name="runScenario" time="0.258"/>
  <testcase classname="io.cucumber.testng.AbstractTestNGCucumberTests" name="runScenario" time="0.263">
    <failure type="java.lang.AssertionError" message="expected [409] but found [400]">
      <![CDATA[java.lang.AssertionError: expected [409] but found [400]
at stepdefinitions.PostRequestStep.the_response_status_code_should_be_not_found(PostRequestStep.java:65)
at ✽.The response status code should be 400(file:///C:/Users/SMILE/selenium_course/RestAssuredAutomation/src/test/resources/features/postRequest.feature:148)
... Removed 6 stack frames]]>
    </failure>
  </testcase> <!-- runScenario -->
  <testcase classname="io.cucumber.testng.AbstractTestNGCucumberTests" name="runScenario" time="0.257"/>
  <testcase classname="io.cucumber.testng.AbstractTestNGCucumberTests" name="runScenario" time="0.257">
    <failure type="java.lang.AssertionError" message="expected [409] but found [400]">
      <![CDATA[java.lang.AssertionError: expected [409] but found [400]
at stepdefinitions.PostRequestStep.the_response_status_code_should_be_the_message_is(PostRequestStep.java:164)
at ✽.The response status code should be 400. The message is "user email id is mandatory and should contains alphabets only"(file:///C:/Users/SMILE/selenium_course/RestAssuredAutomation/src/test/resources/features/postRequest.feature:158)
... Removed 6 stack frames]]>
    </failure>
  </testcase> <!-- runScenario -->
  <testcase classname="io.cucumber.testng.AbstractTestNGCucumberTests" name="runScenario" time="0.291">
    <failure type="java.lang.AssertionError" message="expected [409] but found [400]">
      <![CDATA[java.lang.AssertionError: expected [409] but found [400]
at stepdefinitions.PostRequestStep.the_response_status_code_should_be_the_message_is(PostRequestStep.java:164)
at ✽.The response status code should be 400. The message is "User already exist with same email id"(file:///C:/Users/SMILE/selenium_course/RestAssuredAutomation/src/test/resources/features/postRequest.feature:168)
... Removed 6 stack frames]]>
    </failure>
  </testcase> <!-- runScenario -->
  <testcase classname="io.cucumber.testng.AbstractTestNGCucumberTests" name="runScenario" time="0.27">
    <failure type="java.lang.AssertionError" message="expected [409] but found [400]">
      <![CDATA[java.lang.AssertionError: expected [409] but found [400]
at stepdefinitions.PostRequestStep.the_response_status_code_should_be_the_message_is(PostRequestStep.java:164)
at ✽.The response status code should be 400. The message is "User already exist with same email id"(file:///C:/Users/SMILE/selenium_course/RestAssuredAutomation/src/test/resources/features/postRequest.feature:168)
... Removed 6 stack frames]]>
    </failure>
  </testcase> <!-- runScenario -->
  <testcase classname="io.cucumber.testng.AbstractTestNGCucumberTests" name="runScenario" time="0.279">
    <failure type="java.lang.AssertionError" message="expected [Plot number should contain alphaNumeric values only] but found [plot number should contain alphanumeric values only.]">
      <![CDATA[java.lang.AssertionError: expected [Plot number should contain alphaNumeric values only] but found [plot number should contain alphanumeric values only.]
at stepdefinitions.PostRequestStep.the_response_status_code_should_be_bad_request_the_message_should_be(PostRequestStep.java:336)
at ✽.The response status code should be 400. The message should be "plot number should contain alphanumeric values only."(file:///C:/Users/SMILE/selenium_course/RestAssuredAutomation/src/test/resources/features/postRequest.feature:178)
... Removed 6 stack frames]]>
    </failure>
  </testcase> <!-- runScenario -->
  <testcase classname="io.cucumber.testng.AbstractTestNGCucumberTests" name="runScenario" time="0.268">
    <failure type="java.lang.AssertionError" message="expected [409] but found [400]">
      <![CDATA[java.lang.AssertionError: expected [409] but found [400]
at stepdefinitions.PostRequestStep.the_response_status_code_should_be_bad_request_the_message_should_be(PostRequestStep.java:335)
at ✽.The response status code should be 400. The message should be "plot number should contain alphanumeric values only."(file:///C:/Users/SMILE/selenium_course/RestAssuredAutomation/src/test/resources/features/postRequest.feature:178)
... Removed 6 stack frames]]>
    </failure>
  </testcase> <!-- runScenario -->
  <testcase classname="io.cucumber.testng.AbstractTestNGCucumberTests" name="runScenario" time="0.271">
    <failure type="java.lang.AssertionError" message="expected [State should contain alphabet characters only] but found [state should contain alphabet characters only.]">
      <![CDATA[java.lang.AssertionError: expected [State should contain alphabet characters only] but found [state should contain alphabet characters only.]
at stepdefinitions.PostRequestStep.the_response_status_code_should_be_bad_request_the_message_should_be(PostRequestStep.java:336)
at ✽.The response status code should be 400. The message should be "state should contain alphabet characters only."(file:///C:/Users/SMILE/selenium_course/RestAssuredAutomation/src/test/resources/features/postRequest.feature:188)
... Removed 6 stack frames]]>
    </failure>
  </testcase> <!-- runScenario -->
  <testcase classname="io.cucumber.testng.AbstractTestNGCucumberTests" name="runScenario" time="0.257">
    <failure type="java.lang.AssertionError" message="expected [409] but found [400]">
      <![CDATA[java.lang.AssertionError: expected [409] but found [400]
at stepdefinitions.PostRequestStep.the_response_status_code_should_be_bad_request_the_message_should_be(PostRequestStep.java:335)
at ✽.The response status code should be 400. The message should be "state should contain alphabet characters only."(file:///C:/Users/SMILE/selenium_course/RestAssuredAutomation/src/test/resources/features/postRequest.feature:188)
... Removed 6 stack frames]]>
    </failure>
  </testcase> <!-- runScenario -->
  <testcase classname="io.cucumber.testng.AbstractTestNGCucumberTests" name="runScenario" time="0.264">
    <failure type="java.lang.AssertionError" message="expected [Country should contain alphabet characters only] but found [country should contain alphabet characters only.]">
      <![CDATA[java.lang.AssertionError: expected [Country should contain alphabet characters only] but found [country should contain alphabet characters only.]
at stepdefinitions.PostRequestStep.the_response_status_code_should_be_bad_request_the_message_should_be(PostRequestStep.java:336)
at ✽.The response status code should be 400. The message should be "country should contain alphabet characters only."(file:///C:/Users/SMILE/selenium_course/RestAssuredAutomation/src/test/resources/features/postRequest.feature:198)
... Removed 6 stack frames]]>
    </failure>
  </testcase> <!-- runScenario -->
  <testcase classname="io.cucumber.testng.AbstractTestNGCucumberTests" name="runScenario" time="0.273">
    <failure type="java.lang.AssertionError" message="expected [409] but found [400]">
      <![CDATA[java.lang.AssertionError: expected [409] but found [400]
at stepdefinitions.PostRequestStep.the_response_status_code_should_be_bad_request_the_message_should_be(PostRequestStep.java:335)
at ✽.The response status code should be 400. The message should be "country should contain alphabet characters only."(file:///C:/Users/SMILE/selenium_course/RestAssuredAutomation/src/test/resources/features/postRequest.feature:198)
... Removed 6 stack frames]]>
    </failure>
  </testcase> <!-- runScenario -->
  <testcase classname="io.cucumber.testng.AbstractTestNGCucumberTests" name="runScenario" time="0.276">
    <failure type="java.lang.AssertionError" message="expected [201] but found [400]">
      <![CDATA[java.lang.AssertionError: expected [201] but found [400]
at stepdefinitions.PostRequestStep.the_response_status_code_should_be_bad_request_the_message_should_be(PostRequestStep.java:335)
at ✽.The response status code should be 400. The message should be "zipcode should contain alphabet characters only."(file:///C:/Users/SMILE/selenium_course/RestAssuredAutomation/src/test/resources/features/postRequest.feature:209)
... Removed 6 stack frames]]>
    </failure>
  </testcase> <!-- runScenario -->
  <testcase classname="io.cucumber.testng.AbstractTestNGCucumberTests" name="runScenario" time="0.287">
    <failure type="java.lang.AssertionError" message="expected [409] but found [400]">
      <![CDATA[java.lang.AssertionError: expected [409] but found [400]
at stepdefinitions.PostRequestStep.the_response_status_code_should_be_bad_request_the_message_should_be(PostRequestStep.java:335)
at ✽.The response status code should be 400. The message should be "zipcode should contain alphabet characters only."(file:///C:/Users/SMILE/selenium_course/RestAssuredAutomation/src/test/resources/features/postRequest.feature:209)
... Removed 6 stack frames]]>
    </failure>
  </testcase> <!-- runScenario -->
  <testcase classname="io.cucumber.testng.AbstractTestNGCucumberTests" name="runScenario" time="0.016">
    <failure type="java.lang.IllegalArgumentException" message="parameterValue cannot be null">
      <![CDATA[java.lang.IllegalArgumentException: parameterValue cannot be null
at org.codehaus.groovy.runtime.callsite.ConstructorSite$ConstructorSiteNoUnwrap.callConstructor(ConstructorSite.java:86)
at org.codehaus.groovy.runtime.callsite.AbstractCallSite.callConstructor(AbstractCallSite.java:277)
at io.restassured.internal.common.assertion.AssertParameter.notNull(AssertParameter.groovy:26)
at io.restassured.internal.common.assertion.AssertParameter$notNull.callStatic(Unknown Source)
at org.codehaus.groovy.runtime.callsite.CallSiteArray.defaultCallStatic(CallSiteArray.java:53)
at io.restassured.internal.common.assertion.AssertParameter$notNull.callStatic(Unknown Source)
at io.restassured.internal.RequestSpecificationImpl.pathParam(RequestSpecificationImpl.groovy:515)
at stepdefinitions.PutRequestStep.send_a_put_request_to_a_valid_endpoint(PutRequestStep.java:47)
at ✽.Send a put request to a valid endpoint(file:///C:/Users/SMILE/selenium_course/RestAssuredAutomation/src/test/resources/features/putRequest.feature:19)
... Removed 5 stack frames]]>
    </failure>
  </testcase> <!-- runScenario -->
  <testcase classname="io.cucumber.testng.AbstractTestNGCucumberTests" name="runScenario" time="0.008">
    <failure type="java.lang.IllegalArgumentException" message="parameterValue cannot be null">
      <![CDATA[java.lang.IllegalArgumentException: parameterValue cannot be null
at org.codehaus.groovy.runtime.callsite.ConstructorSite$ConstructorSiteNoUnwrap.callConstructor(ConstructorSite.java:86)
at org.codehaus.groovy.runtime.callsite.AbstractCallSite.callConstructor(AbstractCallSite.java:277)
at io.restassured.internal.common.assertion.AssertParameter.notNull(AssertParameter.groovy:26)
at io.restassured.internal.common.assertion.AssertParameter$notNull.callStatic(Unknown Source)
at io.restassured.internal.RequestSpecificationImpl.pathParam(RequestSpecificationImpl.groovy:515)
at stepdefinitions.PutRequestStep.send_a_put_request_to_a_valid_endpoint(PutRequestStep.java:47)
at ✽.Send a put request to a valid endpoint(file:///C:/Users/SMILE/selenium_course/RestAssuredAutomation/src/test/resources/features/putRequest.feature:28)
... Removed 5 stack frames]]>
    </failure>
  </testcase> <!-- runScenario -->
  <testcase classname="io.cucumber.testng.AbstractTestNGCucumberTests" name="runScenario" time="0.007">
    <failure type="java.lang.IllegalArgumentException" message="parameterValue cannot be null">
      <![CDATA[java.lang.IllegalArgumentException: parameterValue cannot be null
at org.codehaus.groovy.runtime.callsite.ConstructorSite$ConstructorSiteNoUnwrap.callConstructor(ConstructorSite.java:86)
at org.codehaus.groovy.runtime.callsite.AbstractCallSite.callConstructor(AbstractCallSite.java:277)
at io.restassured.internal.common.assertion.AssertParameter.notNull(AssertParameter.groovy:26)
at io.restassured.internal.common.assertion.AssertParameter$notNull.callStatic(Unknown Source)
at io.restassured.internal.RequestSpecificationImpl.pathParam(RequestSpecificationImpl.groovy:515)
at stepdefinitions.PutRequestStep.send_a_put_request_to_a_valid_endpoint(PutRequestStep.java:47)
at ✽.Send a put request to a valid endpoint(file:///C:/Users/SMILE/selenium_course/RestAssuredAutomation/src/test/resources/features/putRequest.feature:28)
... Removed 5 stack frames]]>
    </failure>
  </testcase> <!-- runScenario -->
  <testcase classname="io.cucumber.testng.AbstractTestNGCucumberTests" name="runScenario" time="0.011">
    <failure type="java.lang.IllegalArgumentException" message="parameterValue cannot be null">
      <![CDATA[java.lang.IllegalArgumentException: parameterValue cannot be null
at org.codehaus.groovy.runtime.callsite.ConstructorSite$ConstructorSiteNoUnwrap.callConstructor(ConstructorSite.java:86)
at org.codehaus.groovy.runtime.callsite.AbstractCallSite.callConstructor(AbstractCallSite.java:277)
at io.restassured.internal.common.assertion.AssertParameter.notNull(AssertParameter.groovy:26)
at io.restassured.internal.common.assertion.AssertParameter$notNull.callStatic(Unknown Source)
at io.restassured.internal.RequestSpecificationImpl.pathParam(RequestSpecificationImpl.groovy:515)
at stepdefinitions.PutRequestStep.send_a_put_request_to_a_valid_endpoint(PutRequestStep.java:47)
at ✽.Send a put request to a valid endpoint(file:///C:/Users/SMILE/selenium_course/RestAssuredAutomation/src/test/resources/features/putRequest.feature:38)
... Removed 5 stack frames]]>
    </failure>
  </testcase> <!-- runScenario -->
  <testcase classname="io.cucumber.testng.AbstractTestNGCucumberTests" name="runScenario" time="0.017">
    <failure type="java.lang.IllegalArgumentException" message="parameterValue cannot be null">
      <![CDATA[java.lang.IllegalArgumentException: parameterValue cannot be null
at org.codehaus.groovy.runtime.callsite.ConstructorSite$ConstructorSiteNoUnwrap.callConstructor(ConstructorSite.java:86)
at org.codehaus.groovy.runtime.callsite.AbstractCallSite.callConstructor(AbstractCallSite.java:277)
at io.restassured.internal.common.assertion.AssertParameter.notNull(AssertParameter.groovy:26)
at io.restassured.internal.common.assertion.AssertParameter$notNull.callStatic(Unknown Source)
at io.restassured.internal.RequestSpecificationImpl.pathParam(RequestSpecificationImpl.groovy:515)
at stepdefinitions.PutRequestStep.send_a_put_request_to_a_valid_endpoint(PutRequestStep.java:47)
at ✽.Send a put request to a valid endpoint(file:///C:/Users/SMILE/selenium_course/RestAssuredAutomation/src/test/resources/features/putRequest.feature:38)
... Removed 5 stack frames]]>
    </failure>
  </testcase> <!-- runScenario -->
</testsuite> <!-- InvalidScenarioTest -->
