<html>
<head>
<title>TestNG:  UserDeletionTest</title>
<link href="../testng.css" rel="stylesheet" type="text/css" />
<link href="../my-testng.css" rel="stylesheet" type="text/css" />

<style type="text/css">
.log { display: none;} 
.stack-trace { display: none;} 
</style>
<script type="text/javascript">
<!--
function flip(e) {
  current = e.style.display;
  if (current == 'block') {
    e.style.display = 'none';
    return 0;
  }
  else {
    e.style.display = 'block';
    return 1;
  }
}

function toggleBox(szDivId, elem, msg1, msg2)
{
  var res = -1;  if (document.getElementById) {
    res = flip(document.getElementById(szDivId));
  }
  else if (document.all) {
    // this is the way old msie versions work
    res = flip(document.all[szDivId]);
  }
  if(elem) {
    if(res == 0) elem.innerHTML = msg1; else elem.innerHTML = msg2;
  }

}

function toggleAllBoxes() {
  if (document.getElementsByTagName) {
    d = document.getElementsByTagName('div');
    for (i = 0; i < d.length; i++) {
      if (d[i].className == 'log') {
        flip(d[i]);
      }
    }
  }
}

// -->
</script>

</head>
<body>
<h2 align='center'>UserDeletionTest</h2><table border='1' align="center">
<tr>
<td>Tests passed/Failed/Skipped:</td><td>41/8/0</td>
</tr><tr>
<td>Started on:</td><td>Sun Feb 09 22:11:35 EST 2025</td>
</tr>
<tr><td>Total time:</td><td>13 seconds (13997 ms)</td>
</tr><tr>
<td>Included groups:</td><td></td>
</tr><tr>
<td>Excluded groups:</td><td></td>
</tr>
</table><p/>
<small><i>(Hover the method name to see the test class name)</i></small><p/>
<table width='100%' border='1' class='invocation-failed'>
<tr><td colspan='4' align='center'><b>FAILED TESTS</b></td></tr>
<tr><td><b>Test method</b></td>
<td><b>Attribute(s)</b></td>
<td width="30%"><b>Exception</b></td>
<td width="10%"><b>Time (seconds)</b></td>
<td><b>Instance</b></td>
</tr>
<tr>
<td title='runners.UserDeletionRunner.runScenario()'><b>runScenario</b><br>Test class: runners.UserDeletionRunner<br>Test method: Runs Cucumber Scenarios<br>Parameters: "Validating the new user creation with only mandatory field values", "Post Request with Authorization"</td>
<td><div><pre>java.lang.AssertionError: expected [500] but found [201]
	at stepdefinitions.PostRequestStep.the_response_status_code_should_be_a_response_body_should_have_auto_generated_user_id_address_id_creation_time_and_last_mod_time_field(PostRequestStep.java:111)
	at ✽.The response status code should be 201. A response body should have auto-generated user id, address id , creation_time and last_mod_time field.(file:///C:/Users/SMILE/selenium_course/RestAssuredAutomation/src/test/resources/features/postRequest.feature:31)
... Removed 6 stack frames</pre></div><a href='#' onClick='toggleBox("stack-trace1474657733", this, "Click to show all stack frames", "Click to hide stack frames")'>Click to show all stack frames</a>
<div class='stack-trace' id='stack-trace1474657733'><pre>java.lang.AssertionError: expected [500] but found [201]
	at org.testng.Assert.fail(Assert.java:111)
	at org.testng.Assert.failNotEquals(Assert.java:1578)
	at org.testng.Assert.assertEqualsImpl(Assert.java:150)
	at org.testng.Assert.assertEquals(Assert.java:132)
	at org.testng.Assert.assertEquals(Assert.java:1419)
	at org.testng.Assert.assertEquals(Assert.java:1439)
	at stepdefinitions.PostRequestStep.the_response_status_code_should_be_a_response_body_should_have_auto_generated_user_id_address_id_creation_time_and_last_mod_time_field(PostRequestStep.java:111)
	at ✽.The response status code should be 201. A response body should have auto-generated user id, address id , creation_time and last_mod_time field.(file:///C:/Users/SMILE/selenium_course/RestAssuredAutomation/src/test/resources/features/postRequest.feature:31)
</pre></div></td>
<td>0</td>
<td>runners.UserDeletionRunner@43c1b556</td></tr>
<tr>
<td title='runners.UserDeletionRunner.runScenario()'><b>runScenario</b><br>Test class: runners.UserDeletionRunner<br>Test method: Runs Cucumber Scenarios<br>Parameters: "Validation of missing user last name field", "Post Request with Authorization"</td>
<td><div><pre>java.lang.AssertionError: expected [500] but found [400]
	at stepdefinitions.PostRequestStep.the_response_status_code_should_be_not_found(PostRequestStep.java:65)
	at ✽.The response status code should be 400(file:///C:/Users/SMILE/selenium_course/RestAssuredAutomation/src/test/resources/features/postRequest.feature:81)
... Removed 6 stack frames</pre></div><a href='#' onClick='toggleBox("stack-trace632831438", this, "Click to show all stack frames", "Click to hide stack frames")'>Click to show all stack frames</a>
<div class='stack-trace' id='stack-trace632831438'><pre>java.lang.AssertionError: expected [500] but found [400]
	at org.testng.Assert.fail(Assert.java:111)
	at org.testng.Assert.failNotEquals(Assert.java:1578)
	at org.testng.Assert.assertEqualsImpl(Assert.java:150)
	at org.testng.Assert.assertEquals(Assert.java:132)
	at org.testng.Assert.assertEquals(Assert.java:1419)
	at org.testng.Assert.assertEquals(Assert.java:1439)
	at stepdefinitions.PostRequestStep.the_response_status_code_should_be_not_found(PostRequestStep.java:65)
	at ✽.The response status code should be 400(file:///C:/Users/SMILE/selenium_course/RestAssuredAutomation/src/test/resources/features/postRequest.feature:81)
</pre></div></td>
<td>0</td>
<td>runners.UserDeletionRunner@43c1b556</td></tr>
<tr>
<td title='runners.UserDeletionRunner.runScenario()'><b>runScenario</b><br>Test class: runners.UserDeletionRunner<br>Test method: Runs Cucumber Scenarios<br>Parameters: "Validation of missing user First name field", "Post Request with Authorization"</td>
<td><div><pre>java.lang.AssertionError: expected [500] but found [400]
	at stepdefinitions.PostRequestStep.the_response_status_code_should_be_not_found(PostRequestStep.java:65)
	at ✽.The response status code should be 400(file:///C:/Users/SMILE/selenium_course/RestAssuredAutomation/src/test/resources/features/postRequest.feature:51)
... Removed 6 stack frames</pre></div><a href='#' onClick='toggleBox("stack-trace159536229", this, "Click to show all stack frames", "Click to hide stack frames")'>Click to show all stack frames</a>
<div class='stack-trace' id='stack-trace159536229'><pre>java.lang.AssertionError: expected [500] but found [400]
	at org.testng.Assert.fail(Assert.java:111)
	at org.testng.Assert.failNotEquals(Assert.java:1578)
	at org.testng.Assert.assertEqualsImpl(Assert.java:150)
	at org.testng.Assert.assertEquals(Assert.java:132)
	at org.testng.Assert.assertEquals(Assert.java:1419)
	at org.testng.Assert.assertEquals(Assert.java:1439)
	at stepdefinitions.PostRequestStep.the_response_status_code_should_be_not_found(PostRequestStep.java:65)
	at ✽.The response status code should be 400(file:///C:/Users/SMILE/selenium_course/RestAssuredAutomation/src/test/resources/features/postRequest.feature:51)
</pre></div></td>
<td>0</td>
<td>runners.UserDeletionRunner@43c1b556</td></tr>
<tr>
<td title='runners.UserDeletionRunner.runScenario()'><b>runScenario</b><br>Test class: runners.UserDeletionRunner<br>Test method: Runs Cucumber Scenarios<br>Parameters: "Validating the new user creation with invalid user last name", "Post Request with Authorization"</td>
<td><div><pre>java.lang.AssertionError: expected [500] but found [400]
	at stepdefinitions.PostRequestStep.the_response_status_code_should_be_not_found(PostRequestStep.java:65)
	at ✽.The response status code should be 400(file:///C:/Users/SMILE/selenium_course/RestAssuredAutomation/src/test/resources/features/postRequest.feature:71)
... Removed 6 stack frames</pre></div><a href='#' onClick='toggleBox("stack-trace1712524347", this, "Click to show all stack frames", "Click to hide stack frames")'>Click to show all stack frames</a>
<div class='stack-trace' id='stack-trace1712524347'><pre>java.lang.AssertionError: expected [500] but found [400]
	at org.testng.Assert.fail(Assert.java:111)
	at org.testng.Assert.failNotEquals(Assert.java:1578)
	at org.testng.Assert.assertEqualsImpl(Assert.java:150)
	at org.testng.Assert.assertEquals(Assert.java:132)
	at org.testng.Assert.assertEquals(Assert.java:1419)
	at org.testng.Assert.assertEquals(Assert.java:1439)
	at stepdefinitions.PostRequestStep.the_response_status_code_should_be_not_found(PostRequestStep.java:65)
	at ✽.The response status code should be 400(file:///C:/Users/SMILE/selenium_course/RestAssuredAutomation/src/test/resources/features/postRequest.feature:71)
</pre></div></td>
<td>0</td>
<td>runners.UserDeletionRunner@43c1b556</td></tr>
<tr>
<td title='runners.UserDeletionRunner.runScenario()'><b>runScenario</b><br>Test class: runners.UserDeletionRunner<br>Test method: Runs Cucumber Scenarios<br>Parameters: "Validating the new user creation with only mandatory field values", "Post Request with Authorization"</td>
<td><div><pre>java.lang.AssertionError: expected [500] but found [201]
	at stepdefinitions.PostRequestStep.the_response_status_code_should_be_a_response_body_should_have_auto_generated_user_id_address_id_creation_time_and_last_mod_time_field(PostRequestStep.java:111)
	at ✽.The response status code should be 201. A response body should have auto-generated user id, address id , creation_time and last_mod_time field.(file:///C:/Users/SMILE/selenium_course/RestAssuredAutomation/src/test/resources/features/postRequest.feature:31)
... Removed 6 stack frames</pre></div><a href='#' onClick='toggleBox("stack-trace988355251", this, "Click to show all stack frames", "Click to hide stack frames")'>Click to show all stack frames</a>
<div class='stack-trace' id='stack-trace988355251'><pre>java.lang.AssertionError: expected [500] but found [201]
	at org.testng.Assert.fail(Assert.java:111)
	at org.testng.Assert.failNotEquals(Assert.java:1578)
	at org.testng.Assert.assertEqualsImpl(Assert.java:150)
	at org.testng.Assert.assertEquals(Assert.java:132)
	at org.testng.Assert.assertEquals(Assert.java:1419)
	at org.testng.Assert.assertEquals(Assert.java:1439)
	at stepdefinitions.PostRequestStep.the_response_status_code_should_be_a_response_body_should_have_auto_generated_user_id_address_id_creation_time_and_last_mod_time_field(PostRequestStep.java:111)
	at ✽.The response status code should be 201. A response body should have auto-generated user id, address id , creation_time and last_mod_time field.(file:///C:/Users/SMILE/selenium_course/RestAssuredAutomation/src/test/resources/features/postRequest.feature:31)
</pre></div></td>
<td>0</td>
<td>runners.UserDeletionRunner@43c1b556</td></tr>
<tr>
<td title='runners.UserDeletionRunner.runScenario()'><b>runScenario</b><br>Test class: runners.UserDeletionRunner<br>Test method: Runs Cucumber Scenarios<br>Parameters: "Check if the User is able to delete a user by User First Name with Authorization.", "Get Request with Authorization"</td>
<td><div><pre>java.lang.AssertionError: expected [404] but found [200]
	at stepdefinitions.DeleteRequestStep.the_delete_response_should_contain_a_status_code_as(DeleteRequestStep.java:84)
	at ✽.The delete response should contain a status code as 200.(file:///C:/Users/SMILE/selenium_course/RestAssuredAutomation/src/test/resources/features/deleteRequest.feature:31)
... Removed 6 stack frames</pre></div><a href='#' onClick='toggleBox("stack-trace1836984213", this, "Click to show all stack frames", "Click to hide stack frames")'>Click to show all stack frames</a>
<div class='stack-trace' id='stack-trace1836984213'><pre>java.lang.AssertionError: expected [404] but found [200]
	at org.testng.Assert.fail(Assert.java:111)
	at org.testng.Assert.failNotEquals(Assert.java:1578)
	at org.testng.Assert.assertEqualsImpl(Assert.java:150)
	at org.testng.Assert.assertEquals(Assert.java:132)
	at org.testng.Assert.assertEquals(Assert.java:1419)
	at org.testng.Assert.assertEquals(Assert.java:1439)
	at stepdefinitions.DeleteRequestStep.the_delete_response_should_contain_a_status_code_as(DeleteRequestStep.java:84)
	at ✽.The delete response should contain a status code as 200.(file:///C:/Users/SMILE/selenium_course/RestAssuredAutomation/src/test/resources/features/deleteRequest.feature:31)
</pre></div></td>
<td>0</td>
<td>runners.UserDeletionRunner@43c1b556</td></tr>
<tr>
<td title='runners.UserDeletionRunner.runScenario()'><b>runScenario</b><br>Test class: runners.UserDeletionRunner<br>Test method: Runs Cucumber Scenarios<br>Parameters: "Validation of missing user First name field", "Post Request with Authorization"</td>
<td><div><pre>java.lang.AssertionError: expected [500] but found [400]
	at stepdefinitions.PostRequestStep.the_response_status_code_should_be_not_found(PostRequestStep.java:65)
	at ✽.The response status code should be 400(file:///C:/Users/SMILE/selenium_course/RestAssuredAutomation/src/test/resources/features/postRequest.feature:51)
... Removed 6 stack frames</pre></div><a href='#' onClick='toggleBox("stack-trace1844034466", this, "Click to show all stack frames", "Click to hide stack frames")'>Click to show all stack frames</a>
<div class='stack-trace' id='stack-trace1844034466'><pre>java.lang.AssertionError: expected [500] but found [400]
	at org.testng.Assert.fail(Assert.java:111)
	at org.testng.Assert.failNotEquals(Assert.java:1578)
	at org.testng.Assert.assertEqualsImpl(Assert.java:150)
	at org.testng.Assert.assertEquals(Assert.java:132)
	at org.testng.Assert.assertEquals(Assert.java:1419)
	at org.testng.Assert.assertEquals(Assert.java:1439)
	at stepdefinitions.PostRequestStep.the_response_status_code_should_be_not_found(PostRequestStep.java:65)
	at ✽.The response status code should be 400(file:///C:/Users/SMILE/selenium_course/RestAssuredAutomation/src/test/resources/features/postRequest.feature:51)
</pre></div></td>
<td>0</td>
<td>runners.UserDeletionRunner@43c1b556</td></tr>
<tr>
<td title='runners.UserDeletionRunner.runScenario()'><b>runScenario</b><br>Test class: runners.UserDeletionRunner<br>Test method: Runs Cucumber Scenarios<br>Parameters: "Validating the new user creation with invalid user last name", "Post Request with Authorization"</td>
<td><div><pre>java.lang.AssertionError: expected [500] but found [400]
	at stepdefinitions.PostRequestStep.the_response_status_code_should_be_not_found(PostRequestStep.java:65)
	at ✽.The response status code should be 400(file:///C:/Users/SMILE/selenium_course/RestAssuredAutomation/src/test/resources/features/postRequest.feature:71)
... Removed 6 stack frames</pre></div><a href='#' onClick='toggleBox("stack-trace1700153115", this, "Click to show all stack frames", "Click to hide stack frames")'>Click to show all stack frames</a>
<div class='stack-trace' id='stack-trace1700153115'><pre>java.lang.AssertionError: expected [500] but found [400]
	at org.testng.Assert.fail(Assert.java:111)
	at org.testng.Assert.failNotEquals(Assert.java:1578)
	at org.testng.Assert.assertEqualsImpl(Assert.java:150)
	at org.testng.Assert.assertEquals(Assert.java:132)
	at org.testng.Assert.assertEquals(Assert.java:1419)
	at org.testng.Assert.assertEquals(Assert.java:1439)
	at stepdefinitions.PostRequestStep.the_response_status_code_should_be_not_found(PostRequestStep.java:65)
	at ✽.The response status code should be 400(file:///C:/Users/SMILE/selenium_course/RestAssuredAutomation/src/test/resources/features/postRequest.feature:71)
</pre></div></td>
<td>0</td>
<td>runners.UserDeletionRunner@43c1b556</td></tr>
</table><p>
<table width='100%' border='1' class='invocation-passed'>
<tr><td colspan='4' align='center'><b>PASSED TESTS</b></td></tr>
<tr><td><b>Test method</b></td>
<td><b>Attribute(s)</b></td>
<td width="30%"><b>Exception</b></td>
<td width="10%"><b>Time (seconds)</b></td>
<td><b>Instance</b></td>
</tr>
<tr>
<td title='runners.UserDeletionRunner.runScenario()'><b>runScenario</b><br>Test class: runners.UserDeletionRunner<br>Test method: Runs Cucumber Scenarios<br>Parameters: "Check  If the get request is able to retrieve  a user with an invalid User FirstName.", "Get Request with Authorization"</td>
<td></td>
<td>0</td>
<td>runners.UserDeletionRunner@43c1b556</td></tr>
<tr>
<td title='runners.UserDeletionRunner.runScenario()'><b>runScenario</b><br>Test class: runners.UserDeletionRunner<br>Test method: Runs Cucumber Scenarios<br>Parameters: "Check  If the get request is able to retrieve  a user with an invalid User ID.", "Get Request with Authorization"</td>
<td></td>
<td>0</td>
<td>runners.UserDeletionRunner@43c1b556</td></tr>
<tr>
<td title='runners.UserDeletionRunner.runScenario()'><b>runScenario</b><br>Test class: runners.UserDeletionRunner<br>Test method: Runs Cucumber Scenarios<br>Parameters: "Check if the User is able to delete a user by chaining User ID with Authorization.", "Get Request with Authorization"</td>
<td></td>
<td>0</td>
<td>runners.UserDeletionRunner@43c1b556</td></tr>
<tr>
<td title='runners.UserDeletionRunner.runScenario()'><b>runScenario</b><br>Test class: runners.UserDeletionRunner<br>Test method: Runs Cucumber Scenarios<br>Parameters: "Validation of duplicate user contact number while updating the record", "Put Request with Authorization"</td>
<td></td>
<td>0</td>
<td>runners.UserDeletionRunner@43c1b556</td></tr>
<tr>
<td title='runners.UserDeletionRunner.runScenario()'><b>runScenario</b><br>Test class: runners.UserDeletionRunner<br>Test method: Runs Cucumber Scenarios<br>Parameters: "Validation of contact number field with empty string", "Post Request with Authorization"</td>
<td></td>
<td>0</td>
<td>runners.UserDeletionRunner@43c1b556</td></tr>
<tr>
<td title='runners.UserDeletionRunner.runScenario()'><b>runScenario</b><br>Test class: runners.UserDeletionRunner<br>Test method: Runs Cucumber Scenarios<br>Parameters: "Validating the user creation with invalid country in userAddress", "Post Request with Authorization"</td>
<td></td>
<td>0</td>
<td>runners.UserDeletionRunner@43c1b556</td></tr>
<tr>
<td title='runners.UserDeletionRunner.runScenario()'><b>runScenario</b><br>Test class: runners.UserDeletionRunner<br>Test method: Runs Cucumber Scenarios<br>Parameters: "Validation of user First name field with empty string", "Post Request with Authorization"</td>
<td></td>
<td>0</td>
<td>runners.UserDeletionRunner@43c1b556</td></tr>
<tr>
<td title='runners.UserDeletionRunner.runScenario()'><b>runScenario</b><br>Test class: runners.UserDeletionRunner<br>Test method: Runs Cucumber Scenarios<br>Parameters: "Validating the new user creation with invalid user first name", "Post Request with Authorization"</td>
<td></td>
<td>0</td>
<td>runners.UserDeletionRunner@43c1b556</td></tr>
<tr>
<td title='runners.UserDeletionRunner.runScenario()'><b>runScenario</b><br>Test class: runners.UserDeletionRunner<br>Test method: Runs Cucumber Scenarios<br>Parameters: "Validation of missing user user email id field", "Post Request with Authorization"</td>
<td></td>
<td>0</td>
<td>runners.UserDeletionRunner@43c1b556</td></tr>
<tr>
<td title='runners.UserDeletionRunner.runScenario()'><b>runScenario</b><br>Test class: runners.UserDeletionRunner<br>Test method: Runs Cucumber Scenarios<br>Parameters: "Validation of email id field with empty string", "Post Request with Authorization"</td>
<td></td>
<td>0</td>
<td>runners.UserDeletionRunner@43c1b556</td></tr>
<tr>
<td title='runners.UserDeletionRunner.runScenario()'><b>runScenario</b><br>Test class: runners.UserDeletionRunner<br>Test method: Runs Cucumber Scenarios<br>Parameters: "Validating the user creation with invalid plotNumber in userAddress", "Post Request with Authorization"</td>
<td></td>
<td>0</td>
<td>runners.UserDeletionRunner@43c1b556</td></tr>
<tr>
<td title='runners.UserDeletionRunner.runScenario()'><b>runScenario</b><br>Test class: runners.UserDeletionRunner<br>Test method: Runs Cucumber Scenarios<br>Parameters: "Validating the new user creation with all field values to an invalid endpoint", "Post Request with Authorization"</td>
<td></td>
<td>0</td>
<td>runners.UserDeletionRunner@43c1b556</td></tr>
<tr>
<td title='runners.UserDeletionRunner.runScenario()'><b>runScenario</b><br>Test class: runners.UserDeletionRunner<br>Test method: Runs Cucumber Scenarios<br>Parameters: "Validating the new user creation with invalid user email id", "Post Request with Authorization"</td>
<td></td>
<td>0</td>
<td>runners.UserDeletionRunner@43c1b556</td></tr>
<tr>
<td title='runners.UserDeletionRunner.runScenario()'><b>runScenario</b><br>Test class: runners.UserDeletionRunner<br>Test method: Runs Cucumber Scenarios<br>Parameters: "Validation of duplicate user email id while updating the record", "Put Request with Authorization"</td>
<td></td>
<td>0</td>
<td>runners.UserDeletionRunner@43c1b556</td></tr>
<tr>
<td title='runners.UserDeletionRunner.runScenario()'><b>runScenario</b><br>Test class: runners.UserDeletionRunner<br>Test method: Runs Cucumber Scenarios<br>Parameters: "Check if the User is able to delete a user by User First Name with Authorization.", "Get Request with Authorization"</td>
<td></td>
<td>0</td>
<td>runners.UserDeletionRunner@43c1b556</td></tr>
<tr>
<td title='runners.UserDeletionRunner.runScenario()'><b>runScenario</b><br>Test class: runners.UserDeletionRunner<br>Test method: Runs Cucumber Scenarios<br>Parameters: "Validating the new user creation with invalid user first name", "Post Request with Authorization"</td>
<td></td>
<td>0</td>
<td>runners.UserDeletionRunner@43c1b556</td></tr>
<tr>
<td title='runners.UserDeletionRunner.runScenario()'><b>runScenario</b><br>Test class: runners.UserDeletionRunner<br>Test method: Runs Cucumber Scenarios<br>Parameters: "Validating the new user creation with invalid user email id", "Post Request with Authorization"</td>
<td></td>
<td>0</td>
<td>runners.UserDeletionRunner@43c1b556</td></tr>
<tr>
<td title='runners.UserDeletionRunner.runScenario()'><b>runScenario</b><br>Test class: runners.UserDeletionRunner<br>Test method: Runs Cucumber Scenarios<br>Parameters: "Validating the new user creation with all field values with invalid JSON", "Post Request with Authorization"</td>
<td></td>
<td>0</td>
<td>runners.UserDeletionRunner@43c1b556</td></tr>
<tr>
<td title='runners.UserDeletionRunner.runScenario()'><b>runScenario</b><br>Test class: runners.UserDeletionRunner<br>Test method: Runs Cucumber Scenarios<br>Parameters: "", "Get Request with Authorization"</td>
<td></td>
<td>0</td>
<td>runners.UserDeletionRunner@43c1b556</td></tr>
<tr>
<td title='runners.UserDeletionRunner.runScenario()'><b>runScenario</b><br>Test class: runners.UserDeletionRunner<br>Test method: Runs Cucumber Scenarios<br>Parameters: "Validating the user creation with invalid plotNumber in userAddress", "Post Request with Authorization"</td>
<td></td>
<td>0</td>
<td>runners.UserDeletionRunner@43c1b556</td></tr>
<tr>
<td title='runners.UserDeletionRunner.runScenario()'><b>runScenario</b><br>Test class: runners.UserDeletionRunner<br>Test method: Runs Cucumber Scenarios<br>Parameters: "Validating the new user creation with invalid contact number", "Post Request with Authorization"</td>
<td></td>
<td>0</td>
<td>runners.UserDeletionRunner@43c1b556</td></tr>
<tr>
<td title='runners.UserDeletionRunner.runScenario()'><b>runScenario</b><br>Test class: runners.UserDeletionRunner<br>Test method: Runs Cucumber Scenarios<br>Parameters: "Validating the new user creation with all field values to an invalid endpoint", "Post Request with Authorization"</td>
<td></td>
<td>0</td>
<td>runners.UserDeletionRunner@43c1b556</td></tr>
<tr>
<td title='runners.UserDeletionRunner.runScenario()'><b>runScenario</b><br>Test class: runners.UserDeletionRunner<br>Test method: Runs Cucumber Scenarios<br>Parameters: "Validation of missing user contact number field", "Post Request with Authorization"</td>
<td></td>
<td>0</td>
<td>runners.UserDeletionRunner@43c1b556</td></tr>
<tr>
<td title='runners.UserDeletionRunner.runScenario()'><b>runScenario</b><br>Test class: runners.UserDeletionRunner<br>Test method: Runs Cucumber Scenarios<br>Parameters: "Validation of duplicate user email id", "Post Request with Authorization"</td>
<td></td>
<td>0</td>
<td>runners.UserDeletionRunner@43c1b556</td></tr>
<tr>
<td title='runners.UserDeletionRunner.runScenario()'><b>runScenario</b><br>Test class: runners.UserDeletionRunner<br>Test method: Runs Cucumber Scenarios<br>Parameters: "Validation of user last name field with empty string", "Post Request with Authorization"</td>
<td></td>
<td>0</td>
<td>runners.UserDeletionRunner@43c1b556</td></tr>
<tr>
<td title='runners.UserDeletionRunner.runScenario()'><b>runScenario</b><br>Test class: runners.UserDeletionRunner<br>Test method: Runs Cucumber Scenarios<br>Parameters: "Validation of missing user user email id field", "Post Request with Authorization"</td>
<td></td>
<td>0</td>
<td>runners.UserDeletionRunner@43c1b556</td></tr>
<tr>
<td title='runners.UserDeletionRunner.runScenario()'><b>runScenario</b><br>Test class: runners.UserDeletionRunner<br>Test method: Runs Cucumber Scenarios<br>Parameters: "Validating the user creation with invalid state in userAddress", "Post Request with Authorization"</td>
<td></td>
<td>0</td>
<td>runners.UserDeletionRunner@43c1b556</td></tr>
<tr>
<td title='runners.UserDeletionRunner.runScenario()'><b>runScenario</b><br>Test class: runners.UserDeletionRunner<br>Test method: Runs Cucumber Scenarios<br>Parameters: "Validating the  user updation with invalid user email id", "Put Request with Authorization"</td>
<td></td>
<td>0</td>
<td>runners.UserDeletionRunner@43c1b556</td></tr>
<tr>
<td title='runners.UserDeletionRunner.runScenario()'><b>runScenario</b><br>Test class: runners.UserDeletionRunner<br>Test method: Runs Cucumber Scenarios<br>Parameters: "Validating the user creation with invalid state in userAddress", "Post Request with Authorization"</td>
<td></td>
<td>0</td>
<td>runners.UserDeletionRunner@43c1b556</td></tr>
<tr>
<td title='runners.UserDeletionRunner.runScenario()'><b>runScenario</b><br>Test class: runners.UserDeletionRunner<br>Test method: Runs Cucumber Scenarios<br>Parameters: "Check  If the get request is able to retrieve  a user with an invalid User ID.", "Get Request with Authorization"</td>
<td></td>
<td>0</td>
<td>runners.UserDeletionRunner@43c1b556</td></tr>
<tr>
<td title='runners.UserDeletionRunner.runScenario()'><b>runScenario</b><br>Test class: runners.UserDeletionRunner<br>Test method: Runs Cucumber Scenarios<br>Parameters: "Check  If the get request is able to retrieve  a user with an invalid User ID.", "Get Request with Authorization"</td>
<td></td>
<td>0</td>
<td>runners.UserDeletionRunner@43c1b556</td></tr>
<tr>
<td title='runners.UserDeletionRunner.runScenario()'><b>runScenario</b><br>Test class: runners.UserDeletionRunner<br>Test method: Runs Cucumber Scenarios<br>Parameters: "Validation of user First name field with empty string", "Post Request with Authorization"</td>
<td></td>
<td>0</td>
<td>runners.UserDeletionRunner@43c1b556</td></tr>
<tr>
<td title='runners.UserDeletionRunner.runScenario()'><b>runScenario</b><br>Test class: runners.UserDeletionRunner<br>Test method: Runs Cucumber Scenarios<br>Parameters: "Validating the user creation with invalid country in userAddress", "Post Request with Authorization"</td>
<td></td>
<td>0</td>
<td>runners.UserDeletionRunner@43c1b556</td></tr>
<tr>
<td title='runners.UserDeletionRunner.runScenario()'><b>runScenario</b><br>Test class: runners.UserDeletionRunner<br>Test method: Runs Cucumber Scenarios<br>Parameters: "Validation of email id field with empty string", "Post Request with Authorization"</td>
<td></td>
<td>0</td>
<td>runners.UserDeletionRunner@43c1b556</td></tr>
<tr>
<td title='runners.UserDeletionRunner.runScenario()'><b>runScenario</b><br>Test class: runners.UserDeletionRunner<br>Test method: Runs Cucumber Scenarios<br>Parameters: "Validation of duplicate user email id while updating the record", "Put Request with Authorization"</td>
<td></td>
<td>0</td>
<td>runners.UserDeletionRunner@43c1b556</td></tr>
<tr>
<td title='runners.UserDeletionRunner.runScenario()'><b>runScenario</b><br>Test class: runners.UserDeletionRunner<br>Test method: Runs Cucumber Scenarios<br>Parameters: "Check  If the get request is able to retrieve  a user with an invalid User FirstName.", "Get Request with Authorization"</td>
<td></td>
<td>0</td>
<td>runners.UserDeletionRunner@43c1b556</td></tr>
<tr>
<td title='runners.UserDeletionRunner.runScenario()'><b>runScenario</b><br>Test class: runners.UserDeletionRunner<br>Test method: Runs Cucumber Scenarios<br>Parameters: "Validating the new user creation with all field values with invalid JSON", "Post Request with Authorization"</td>
<td></td>
<td>0</td>
<td>runners.UserDeletionRunner@43c1b556</td></tr>
<tr>
<td title='runners.UserDeletionRunner.runScenario()'><b>runScenario</b><br>Test class: runners.UserDeletionRunner<br>Test method: Runs Cucumber Scenarios<br>Parameters: "Check  If the get request is able to retrieve  a user with an invalid User FirstName.", "Get Request with Authorization"</td>
<td></td>
<td>0</td>
<td>runners.UserDeletionRunner@43c1b556</td></tr>
<tr>
<td title='runners.UserDeletionRunner.runScenario()'><b>runScenario</b><br>Test class: runners.UserDeletionRunner<br>Test method: Runs Cucumber Scenarios<br>Parameters: "Validation of duplicate user email id", "Post Request with Authorization"</td>
<td></td>
<td>0</td>
<td>runners.UserDeletionRunner@43c1b556</td></tr>
<tr>
<td title='runners.UserDeletionRunner.runScenario()'><b>runScenario</b><br>Test class: runners.UserDeletionRunner<br>Test method: Runs Cucumber Scenarios<br>Parameters: "Validating the  user updation with invalid user email id", "Put Request with Authorization"</td>
<td></td>
<td>0</td>
<td>runners.UserDeletionRunner@43c1b556</td></tr>
<tr>
<td title='runners.UserDeletionRunner.runScenario()'><b>runScenario</b><br>Test class: runners.UserDeletionRunner<br>Test method: Runs Cucumber Scenarios<br>Parameters: "Validation of duplicate user contact number", "Post Request with Authorization"</td>
<td></td>
<td>0</td>
<td>runners.UserDeletionRunner@43c1b556</td></tr>
</table><p>
</body>
</html>