<?xml version="1.0" encoding="UTF-8"?>
<!-- Generated by org.testng.reporters.JUnitXMLReporter -->
<testsuite ignored="0" hostname="LAPTOP-39NIES78" failures="1" tests="2" name="ValidPut" time="1.133" errors="0" timestamp="2025-02-09T18:52:14 EST">
  <testcase classname="io.cucumber.testng.AbstractTestNGCucumberTests" name="runScenario" time="0.396"/>
  <testcase classname="io.cucumber.testng.AbstractTestNGCucumberTests" name="runScenario" time="0.346">
    <failure type="java.lang.AssertionError" message="expected [200] but found [400]">
      <![CDATA[java.lang.AssertionError: expected [200] but found [400]
at stepdefinitions.PutRequestStep.the_response_status_code_should_be_and_the_response_body_should_have_auto_generated_user_id_address_id_creation_time_and_last_mod_time_field(PutRequestStep.java:81)
at âœ½.The response status code should be 200 and the response body should have auto-generated user id, address id , creation_time and last_mod_time field.(file:///C:/Users/SMILE/selenium_course/RestAssuredAutomation/src/test/resources/features/putRequest.feature:11)
... Removed 6 stack frames]]>
    </failure>
  </testcase> <!-- runScenario -->
</testsuite> <!-- ValidPut -->
