<?xml version="1.0" encoding="UTF-8"?>
<!-- Generated by org.testng.reporters.JUnitReportReporter -->
<testsuite hostname="LAPTOP-39NIES78" failures="7" tests="46" name="runners.invalidRunner" time="11.918" errors="0" timestamp="2025-02-09T22:04:31 EST" skipped="0">
  <testcase classname="runners.invalidRunner" name="runScenario" time="0.252"/>
  <testcase classname="runners.invalidRunner" name="runScenario" time="0.268"/>
  <testcase classname="runners.invalidRunner" name="runScenario" time="0.272"/>
  <testcase classname="runners.invalidRunner" name="runScenario" time="0.252"/>
  <testcase classname="runners.invalidRunner" name="runScenario" time="0.265">
    <failure message="expected [500] but found [201]" type="java.lang.AssertionError">
      <![CDATA[java.lang.AssertionError: expected [500] but found [201]
at org.testng.Assert.fail(Assert.java:111)
at org.testng.Assert.failNotEquals(Assert.java:1578)
at org.testng.Assert.assertEqualsImpl(Assert.java:150)
at org.testng.Assert.assertEquals(Assert.java:132)
at org.testng.Assert.assertEquals(Assert.java:1419)
at org.testng.Assert.assertEquals(Assert.java:1439)
at stepdefinitions.PostRequestStep.the_response_status_code_should_be_a_response_body_should_have_auto_generated_user_id_address_id_creation_time_and_last_mod_time_field(PostRequestStep.java:111)
at ✽.The response status code should be 201. A response body should have auto-generated user id, address id , creation_time and last_mod_time field.(file:///C:/Users/SMILE/selenium_course/RestAssuredAutomation/src/test/resources/features/postRequest.feature:31)
]]>
    </failure>
  </testcase> <!-- runScenario -->
  <testcase classname="runners.invalidRunner" name="runScenario" time="0.254">
    <failure message="expected [500] but found [201]" type="java.lang.AssertionError">
      <![CDATA[java.lang.AssertionError: expected [500] but found [201]
at org.testng.Assert.fail(Assert.java:111)
at org.testng.Assert.failNotEquals(Assert.java:1578)
at org.testng.Assert.assertEqualsImpl(Assert.java:150)
at org.testng.Assert.assertEquals(Assert.java:132)
at org.testng.Assert.assertEquals(Assert.java:1419)
at org.testng.Assert.assertEquals(Assert.java:1439)
at stepdefinitions.PostRequestStep.the_response_status_code_should_be_a_response_body_should_have_auto_generated_user_id_address_id_creation_time_and_last_mod_time_field(PostRequestStep.java:111)
at ✽.The response status code should be 201. A response body should have auto-generated user id, address id , creation_time and last_mod_time field.(file:///C:/Users/SMILE/selenium_course/RestAssuredAutomation/src/test/resources/features/postRequest.feature:31)
]]>
    </failure>
  </testcase> <!-- runScenario -->
  <testcase classname="runners.invalidRunner" name="runScenario" time="0.255"/>
  <testcase classname="runners.invalidRunner" name="runScenario" time="0.261"/>
  <testcase classname="runners.invalidRunner" name="runScenario" time="0.252">
    <failure message="expected [500] but found [400]" type="java.lang.AssertionError">
      <![CDATA[java.lang.AssertionError: expected [500] but found [400]
at org.testng.Assert.fail(Assert.java:111)
at org.testng.Assert.failNotEquals(Assert.java:1578)
at org.testng.Assert.assertEqualsImpl(Assert.java:150)
at org.testng.Assert.assertEquals(Assert.java:132)
at org.testng.Assert.assertEquals(Assert.java:1419)
at org.testng.Assert.assertEquals(Assert.java:1439)
at stepdefinitions.PostRequestStep.the_response_status_code_should_be_not_found(PostRequestStep.java:65)
at ✽.The response status code should be 400(file:///C:/Users/SMILE/selenium_course/RestAssuredAutomation/src/test/resources/features/postRequest.feature:81)
]]>
    </failure>
  </testcase> <!-- runScenario -->
  <testcase classname="runners.invalidRunner" name="runScenario" time="0.274"/>
  <testcase classname="runners.invalidRunner" name="runScenario" time="0.263">
    <failure message="expected [500] but found [400]" type="java.lang.AssertionError">
      <![CDATA[java.lang.AssertionError: expected [500] but found [400]
at org.testng.Assert.fail(Assert.java:111)
at org.testng.Assert.failNotEquals(Assert.java:1578)
at org.testng.Assert.assertEqualsImpl(Assert.java:150)
at org.testng.Assert.assertEquals(Assert.java:132)
at org.testng.Assert.assertEquals(Assert.java:1419)
at org.testng.Assert.assertEquals(Assert.java:1439)
at stepdefinitions.PostRequestStep.the_response_status_code_should_be_not_found(PostRequestStep.java:65)
at ✽.The response status code should be 400(file:///C:/Users/SMILE/selenium_course/RestAssuredAutomation/src/test/resources/features/postRequest.feature:51)
]]>
    </failure>
  </testcase> <!-- runScenario -->
  <testcase classname="runners.invalidRunner" name="runScenario" time="0.235"/>
  <testcase classname="runners.invalidRunner" name="runScenario" time="0.227"/>
  <testcase classname="runners.invalidRunner" name="runScenario" time="0.228"/>
  <testcase classname="runners.invalidRunner" name="runScenario" time="0.270"/>
  <testcase classname="runners.invalidRunner" name="runScenario" time="0.257"/>
  <testcase classname="runners.invalidRunner" name="runScenario" time="0.263"/>
  <testcase classname="runners.invalidRunner" name="runScenario" time="0.253"/>
  <testcase classname="runners.invalidRunner" name="runScenario" time="0.283"/>
  <testcase classname="runners.invalidRunner" name="runScenario" time="0.264"/>
  <testcase classname="runners.invalidRunner" name="runScenario" time="0.253"/>
  <testcase classname="runners.invalidRunner" name="runScenario" time="0.289"/>
  <testcase classname="runners.invalidRunner" name="runScenario" time="0.229"/>
  <testcase classname="runners.invalidRunner" name="runScenario" time="0.247"/>
  <testcase classname="runners.invalidRunner" name="runScenario" time="0.261"/>
  <testcase classname="runners.invalidRunner" name="runScenario" time="0.250"/>
  <testcase classname="runners.invalidRunner" name="runScenario" time="0.308"/>
  <testcase classname="runners.invalidRunner" name="runScenario" time="0.252"/>
  <testcase classname="runners.invalidRunner" name="runScenario" time="0.254"/>
  <testcase classname="runners.invalidRunner" name="runScenario" time="0.255"/>
  <testcase classname="runners.invalidRunner" name="runScenario" time="0.258"/>
  <testcase classname="runners.invalidRunner" name="runScenario" time="0.272"/>
  <testcase classname="runners.invalidRunner" name="runScenario" time="0.263"/>
  <testcase classname="runners.invalidRunner" name="runScenario" time="0.270"/>
  <testcase classname="runners.invalidRunner" name="runScenario" time="0.260"/>
  <testcase classname="runners.invalidRunner" name="runScenario" time="0.253"/>
  <testcase classname="runners.invalidRunner" name="runScenario" time="0.272"/>
  <testcase classname="runners.invalidRunner" name="runScenario" time="0.273"/>
  <testcase classname="runners.invalidRunner" name="runScenario" time="0.251">
    <failure message="expected [500] but found [400]" type="java.lang.AssertionError">
      <![CDATA[java.lang.AssertionError: expected [500] but found [400]
at org.testng.Assert.fail(Assert.java:111)
at org.testng.Assert.failNotEquals(Assert.java:1578)
at org.testng.Assert.assertEqualsImpl(Assert.java:150)
at org.testng.Assert.assertEquals(Assert.java:132)
at org.testng.Assert.assertEquals(Assert.java:1419)
at org.testng.Assert.assertEquals(Assert.java:1439)
at stepdefinitions.PostRequestStep.the_response_status_code_should_be_not_found(PostRequestStep.java:65)
at ✽.The response status code should be 400(file:///C:/Users/SMILE/selenium_course/RestAssuredAutomation/src/test/resources/features/postRequest.feature:71)
]]>
    </failure>
  </testcase> <!-- runScenario -->
  <testcase classname="runners.invalidRunner" name="runScenario" time="0.266"/>
  <testcase classname="runners.invalidRunner" name="runScenario" time="0.254">
    <failure message="expected [500] but found [400]" type="java.lang.AssertionError">
      <![CDATA[java.lang.AssertionError: expected [500] but found [400]
at org.testng.Assert.fail(Assert.java:111)
at org.testng.Assert.failNotEquals(Assert.java:1578)
at org.testng.Assert.assertEqualsImpl(Assert.java:150)
at org.testng.Assert.assertEquals(Assert.java:132)
at org.testng.Assert.assertEquals(Assert.java:1419)
at org.testng.Assert.assertEquals(Assert.java:1439)
at stepdefinitions.PostRequestStep.the_response_status_code_should_be_not_found(PostRequestStep.java:65)
at ✽.The response status code should be 400(file:///C:/Users/SMILE/selenium_course/RestAssuredAutomation/src/test/resources/features/postRequest.feature:71)
]]>
    </failure>
  </testcase> <!-- runScenario -->
  <testcase classname="runners.invalidRunner" name="runScenario" time="0.249"/>
  <testcase classname="runners.invalidRunner" name="runScenario" time="0.270"/>
  <testcase classname="runners.invalidRunner" name="runScenario" time="0.251"/>
  <testcase classname="runners.invalidRunner" name="runScenario" time="0.251"/>
  <testcase classname="runners.invalidRunner" name="runScenario" time="0.259">
    <failure message="expected [500] but found [400]" type="java.lang.AssertionError">
      <![CDATA[java.lang.AssertionError: expected [500] but found [400]
at org.testng.Assert.fail(Assert.java:111)
at org.testng.Assert.failNotEquals(Assert.java:1578)
at org.testng.Assert.assertEqualsImpl(Assert.java:150)
at org.testng.Assert.assertEquals(Assert.java:132)
at org.testng.Assert.assertEquals(Assert.java:1419)
at org.testng.Assert.assertEquals(Assert.java:1439)
at stepdefinitions.PostRequestStep.the_response_status_code_should_be_not_found(PostRequestStep.java:65)
at ✽.The response status code should be 400(file:///C:/Users/SMILE/selenium_course/RestAssuredAutomation/src/test/resources/features/postRequest.feature:51)
]]>
    </failure>
  </testcase> <!-- runScenario -->
</testsuite> <!-- runners.invalidRunner -->
