<?xml version="1.0" encoding="UTF-8"?>
<!-- Generated by org.testng.reporters.JUnitReportReporter -->
<testsuite hostname="LAPTOP-39NIES78" failures="8" tests="49" name="runners.UserDeletionRunner" time="13.843" errors="0" timestamp="2025-02-09T22:11:49 EST" skipped="0">
  <testcase classname="runners.UserDeletionRunner" name="runScenario" time="0.288"/>
  <testcase classname="runners.UserDeletionRunner" name="runScenario" time="0.272"/>
  <testcase classname="runners.UserDeletionRunner" name="runScenario" time="0.300"/>
  <testcase classname="runners.UserDeletionRunner" name="runScenario" time="0.265"/>
  <testcase classname="runners.UserDeletionRunner" name="runScenario" time="0.272"/>
  <testcase classname="runners.UserDeletionRunner" name="runScenario" time="0.287"/>
  <testcase classname="runners.UserDeletionRunner" name="runScenario" time="0.275"/>
  <testcase classname="runners.UserDeletionRunner" name="runScenario" time="0.264"/>
  <testcase classname="runners.UserDeletionRunner" name="runScenario" time="0.276"/>
  <testcase classname="runners.UserDeletionRunner" name="runScenario" time="0.255"/>
  <testcase classname="runners.UserDeletionRunner" name="runScenario" time="0.283"/>
  <testcase classname="runners.UserDeletionRunner" name="runScenario" time="0.304"/>
  <testcase classname="runners.UserDeletionRunner" name="runScenario" time="0.366"/>
  <testcase classname="runners.UserDeletionRunner" name="runScenario" time="0.294"/>
  <testcase classname="runners.UserDeletionRunner" name="runScenario" time="0.283">
    <failure message="expected [500] but found [201]" type="java.lang.AssertionError">
      <![CDATA[java.lang.AssertionError: expected [500] but found [201]
at org.testng.Assert.fail(Assert.java:111)
at org.testng.Assert.failNotEquals(Assert.java:1578)
at org.testng.Assert.assertEqualsImpl(Assert.java:150)
at org.testng.Assert.assertEquals(Assert.java:132)
at org.testng.Assert.assertEquals(Assert.java:1419)
at org.testng.Assert.assertEquals(Assert.java:1439)
at stepdefinitions.PostRequestStep.the_response_status_code_should_be_a_response_body_should_have_auto_generated_user_id_address_id_creation_time_and_last_mod_time_field(PostRequestStep.java:111)
at ✽.The response status code should be 201. A response body should have auto-generated user id, address id , creation_time and last_mod_time field.(file:///C:/Users/SMILE/selenium_course/RestAssuredAutomation/src/test/resources/features/postRequest.feature:31)
]]>
    </failure>
  </testcase> <!-- runScenario -->
  <testcase classname="runners.UserDeletionRunner" name="runScenario" time="0.266"/>
  <testcase classname="runners.UserDeletionRunner" name="runScenario" time="0.269"/>
  <testcase classname="runners.UserDeletionRunner" name="runScenario" time="0.272"/>
  <testcase classname="runners.UserDeletionRunner" name="runScenario" time="0.287">
    <failure message="expected [500] but found [400]" type="java.lang.AssertionError">
      <![CDATA[java.lang.AssertionError: expected [500] but found [400]
at org.testng.Assert.fail(Assert.java:111)
at org.testng.Assert.failNotEquals(Assert.java:1578)
at org.testng.Assert.assertEqualsImpl(Assert.java:150)
at org.testng.Assert.assertEquals(Assert.java:132)
at org.testng.Assert.assertEquals(Assert.java:1419)
at org.testng.Assert.assertEquals(Assert.java:1439)
at stepdefinitions.PostRequestStep.the_response_status_code_should_be_not_found(PostRequestStep.java:65)
at ✽.The response status code should be 400(file:///C:/Users/SMILE/selenium_course/RestAssuredAutomation/src/test/resources/features/postRequest.feature:71)
]]>
    </failure>
  </testcase> <!-- runScenario -->
  <testcase classname="runners.UserDeletionRunner" name="runScenario" time="0.281"/>
  <testcase classname="runners.UserDeletionRunner" name="runScenario" time="0.280"/>
  <testcase classname="runners.UserDeletionRunner" name="runScenario" time="0.254"/>
  <testcase classname="runners.UserDeletionRunner" name="runScenario" time="0.292"/>
  <testcase classname="runners.UserDeletionRunner" name="runScenario" time="0.255"/>
  <testcase classname="runners.UserDeletionRunner" name="runScenario" time="0.288">
    <failure message="expected [500] but found [400]" type="java.lang.AssertionError">
      <![CDATA[java.lang.AssertionError: expected [500] but found [400]
at org.testng.Assert.fail(Assert.java:111)
at org.testng.Assert.failNotEquals(Assert.java:1578)
at org.testng.Assert.assertEqualsImpl(Assert.java:150)
at org.testng.Assert.assertEquals(Assert.java:132)
at org.testng.Assert.assertEquals(Assert.java:1419)
at org.testng.Assert.assertEquals(Assert.java:1439)
at stepdefinitions.PostRequestStep.the_response_status_code_should_be_not_found(PostRequestStep.java:65)
at ✽.The response status code should be 400(file:///C:/Users/SMILE/selenium_course/RestAssuredAutomation/src/test/resources/features/postRequest.feature:51)
]]>
    </failure>
  </testcase> <!-- runScenario -->
  <testcase classname="runners.UserDeletionRunner" name="runScenario" time="0.290"/>
  <testcase classname="runners.UserDeletionRunner" name="runScenario" time="0.256">
    <failure message="expected [500] but found [400]" type="java.lang.AssertionError">
      <![CDATA[java.lang.AssertionError: expected [500] but found [400]
at org.testng.Assert.fail(Assert.java:111)
at org.testng.Assert.failNotEquals(Assert.java:1578)
at org.testng.Assert.assertEqualsImpl(Assert.java:150)
at org.testng.Assert.assertEquals(Assert.java:132)
at org.testng.Assert.assertEquals(Assert.java:1419)
at org.testng.Assert.assertEquals(Assert.java:1439)
at stepdefinitions.PostRequestStep.the_response_status_code_should_be_not_found(PostRequestStep.java:65)
at ✽.The response status code should be 400(file:///C:/Users/SMILE/selenium_course/RestAssuredAutomation/src/test/resources/features/postRequest.feature:71)
]]>
    </failure>
  </testcase> <!-- runScenario -->
  <testcase classname="runners.UserDeletionRunner" name="runScenario" time="0.281"/>
  <testcase classname="runners.UserDeletionRunner" name="runScenario" time="0.252"/>
  <testcase classname="runners.UserDeletionRunner" name="runScenario" time="0.279"/>
  <testcase classname="runners.UserDeletionRunner" name="runScenario" time="0.282"/>
  <testcase classname="runners.UserDeletionRunner" name="runScenario" time="0.268"/>
  <testcase classname="runners.UserDeletionRunner" name="runScenario" time="0.336">
    <failure message="expected [500] but found [201]" type="java.lang.AssertionError">
      <![CDATA[java.lang.AssertionError: expected [500] but found [201]
at org.testng.Assert.fail(Assert.java:111)
at org.testng.Assert.failNotEquals(Assert.java:1578)
at org.testng.Assert.assertEqualsImpl(Assert.java:150)
at org.testng.Assert.assertEquals(Assert.java:132)
at org.testng.Assert.assertEquals(Assert.java:1419)
at org.testng.Assert.assertEquals(Assert.java:1439)
at stepdefinitions.PostRequestStep.the_response_status_code_should_be_a_response_body_should_have_auto_generated_user_id_address_id_creation_time_and_last_mod_time_field(PostRequestStep.java:111)
at ✽.The response status code should be 201. A response body should have auto-generated user id, address id , creation_time and last_mod_time field.(file:///C:/Users/SMILE/selenium_course/RestAssuredAutomation/src/test/resources/features/postRequest.feature:31)
]]>
    </failure>
  </testcase> <!-- runScenario -->
  <testcase classname="runners.UserDeletionRunner" name="runScenario" time="0.271"/>
  <testcase classname="runners.UserDeletionRunner" name="runScenario" time="0.326"/>
  <testcase classname="runners.UserDeletionRunner" name="runScenario" time="0.354"/>
  <testcase classname="runners.UserDeletionRunner" name="runScenario" time="0.264"/>
  <testcase classname="runners.UserDeletionRunner" name="runScenario" time="0.300"/>
  <testcase classname="runners.UserDeletionRunner" name="runScenario" time="0.261"/>
  <testcase classname="runners.UserDeletionRunner" name="runScenario" time="0.274">
    <failure message="expected [500] but found [400]" type="java.lang.AssertionError">
      <![CDATA[java.lang.AssertionError: expected [500] but found [400]
at org.testng.Assert.fail(Assert.java:111)
at org.testng.Assert.failNotEquals(Assert.java:1578)
at org.testng.Assert.assertEqualsImpl(Assert.java:150)
at org.testng.Assert.assertEquals(Assert.java:132)
at org.testng.Assert.assertEquals(Assert.java:1419)
at org.testng.Assert.assertEquals(Assert.java:1439)
at stepdefinitions.PostRequestStep.the_response_status_code_should_be_not_found(PostRequestStep.java:65)
at ✽.The response status code should be 400(file:///C:/Users/SMILE/selenium_course/RestAssuredAutomation/src/test/resources/features/postRequest.feature:51)
]]>
    </failure>
  </testcase> <!-- runScenario -->
  <testcase classname="runners.UserDeletionRunner" name="runScenario" time="0.266"/>
  <testcase classname="runners.UserDeletionRunner" name="runScenario" time="0.297"/>
  <testcase classname="runners.UserDeletionRunner" name="runScenario" time="0.278">
    <failure message="expected [404] but found [200]" type="java.lang.AssertionError">
      <![CDATA[java.lang.AssertionError: expected [404] but found [200]
at org.testng.Assert.fail(Assert.java:111)
at org.testng.Assert.failNotEquals(Assert.java:1578)
at org.testng.Assert.assertEqualsImpl(Assert.java:150)
at org.testng.Assert.assertEquals(Assert.java:132)
at org.testng.Assert.assertEquals(Assert.java:1419)
at org.testng.Assert.assertEquals(Assert.java:1439)
at stepdefinitions.DeleteRequestStep.the_delete_response_should_contain_a_status_code_as(DeleteRequestStep.java:84)
at ✽.The delete response should contain a status code as 200.(file:///C:/Users/SMILE/selenium_course/RestAssuredAutomation/src/test/resources/features/deleteRequest.feature:31)
]]>
    </failure>
  </testcase> <!-- runScenario -->
  <testcase classname="runners.UserDeletionRunner" name="runScenario" time="0.273"/>
  <testcase classname="runners.UserDeletionRunner" name="runScenario" time="0.300"/>
  <testcase classname="runners.UserDeletionRunner" name="runScenario" time="0.312"/>
  <testcase classname="runners.UserDeletionRunner" name="runScenario" time="0.249"/>
  <testcase classname="runners.UserDeletionRunner" name="runScenario" time="0.284">
    <failure message="expected [500] but found [400]" type="java.lang.AssertionError">
      <![CDATA[java.lang.AssertionError: expected [500] but found [400]
at org.testng.Assert.fail(Assert.java:111)
at org.testng.Assert.failNotEquals(Assert.java:1578)
at org.testng.Assert.assertEqualsImpl(Assert.java:150)
at org.testng.Assert.assertEquals(Assert.java:132)
at org.testng.Assert.assertEquals(Assert.java:1419)
at org.testng.Assert.assertEquals(Assert.java:1439)
at stepdefinitions.PostRequestStep.the_response_status_code_should_be_not_found(PostRequestStep.java:65)
at ✽.The response status code should be 400(file:///C:/Users/SMILE/selenium_course/RestAssuredAutomation/src/test/resources/features/postRequest.feature:81)
]]>
    </failure>
  </testcase> <!-- runScenario -->
  <testcase classname="runners.UserDeletionRunner" name="runScenario" time="0.262"/>
</testsuite> <!-- runners.UserDeletionRunner -->
